TN:
SF:C:\Users\Mittal\Desktop\Test\TestApi\ClientApp\src\polyfills.ts
FNF:0
FNH:0
LF:0
LH:0
BRF:0
BRH:0
end_of_record
TN:
SF:C:\Users\Mittal\Desktop\Test\TestApi\ClientApp\src\test.ts
FNF:0
FNH:0
DA:13,1
DA:18,1
DA:20,1
LF:3
LH:3
BRF:0
BRH:0
end_of_record
TN:
SF:C:\Users\Mittal\Desktop\Test\TestApi\ClientApp\src\app\app.component.ts
FN:3,AppComponent
FNF:1
FNH:1
FNDA:3,AppComponent
DA:7,1
DA:8,3
DA:9,1
LF:3
LH:3
BRF:0
BRH:0
end_of_record
TN:
SF:C:\Users\Mittal\Desktop\Test\TestApi\ClientApp\src\app\Products\products.service.ts
FN:5,(anonymous_0)
FN:6,Product
FN:23,ProductsService
FN:25,(anonymous_4)
FNF:4
FNH:4
FNDA:1,(anonymous_0)
FNDA:6,Product
FNDA:4,ProductsService
FNDA:1,(anonymous_4)
DA:5,1
DA:6,6
DA:7,6
DA:8,6
DA:9,6
DA:13,1
DA:15,1
DA:16,1
DA:21,1
DA:23,4
DA:25,1
DA:26,1
DA:31,1
LF:13
LH:13
BRF:0
BRH:0
end_of_record
TN:
SF:C:\Users\Mittal\Desktop\Test\TestApi\ClientApp\src\app\Products\product\product.component.ts
FN:13,ProductComponent
FN:15,(anonymous_2)
FNF:2
FNH:2
FNDA:7,ProductComponent
FNDA:5,(anonymous_2)
DA:8,1
DA:11,1
DA:15,1
DA:18,1
LF:4
LH:4
BRF:0
BRH:0
end_of_record
TN:
SF:C:\Users\Mittal\Desktop\Test\TestApi\ClientApp\src\app\Products\products\products.component.ts
FN:11,ProductsComponent
FN:15,(anonymous_2)
FN:17,(anonymous_3)
FN:20,(anonymous_4)
FN:23,(anonymous_5)
FNF:5
FNH:4
FNDA:8,ProductsComponent
FNDA:5,(anonymous_2)
FNDA:3,(anonymous_3)
FNDA:1,(anonymous_4)
FNDA:0,(anonymous_5)
DA:9,1
DA:11,8
DA:15,5
DA:16,5
DA:18,3
DA:19,3
DA:20,1
DA:23,1
DA:24,0
DA:27,1
LF:10
LH:9
BRF:0
BRH:0
end_of_record
